# JRE version: OpenJDK Runtime Environment (23.0.1+11) (build 23.0.1+11-39)
# Java VM: OpenJDK 64-Bit Server VM (23.0.1+11-39, mixed mode, sharing, tiered, compressed oops, compressed class ptrs, g1 gc, windows-amd64)
GC Precious Log:
 CardTable entry size: 512
 Card Set container configuration: InlinePtr #cards 5 size 8 Array Of Cards #cards 10 size 36 Howl #buckets 4 coarsen threshold 1843 Howl Bitmap #cards 512 size 80 coarsen threshold 460 Card regions per heap region 1 cards per card region 2048
 CPUs: 8 total, 8 available
 Memory: 8138M
 Large Page Support: Disabled
 NUMA Support: Disabled
 Compressed Oops: Enabled (32-bit)
 Heap Region Size: 1M
 Heap Min Capacity: 256M
 Heap Initial Capacity: 256M
 Heap Max Capacity: 512M
 Pre-touch: Disabled
 Parallel Workers: 8
 Concurrent Workers: 2
 Concurrent Refinement Workers: 8
 Periodic GC: Disabled
Heap:
 garbage-first heap   total reserved 524288K, committed 262144K, used 175523K [0x00000000e0000000, 0x0000000100000000)
  region size 1024K, 27 young (27648K), 5 survivors (5120K)
 Metaspace       used 90419K, committed 92800K, reserved 458752K
  class space    used 12868K, committed 14016K, reserved 327680K
GC Heap History (20 events):
Event: 15.023 GC heap before
{Heap before GC invocations=14 (full 0):
 garbage-first heap   total reserved 524288K, committed 262144K, used 223010K [0x00000000e0000000, 0x0000000100000000)
  region size 1024K, 135 young (138240K), 8 survivors (8192K)
 Metaspace       used 69043K, committed 71168K, reserved 393216K
  class space    used 10434K, committed 11456K, reserved 327680K
}
Event: 15.034 GC heap after
{Heap after GC invocations=15 (full 0):
 garbage-first heap   total reserved 524288K, committed 262144K, used 103746K [0x00000000e0000000, 0x0000000100000000)
  region size 1024K, 17 young (17408K), 17 survivors (17408K)
 Metaspace       used 69043K, committed 71168K, reserved 393216K
  class space    used 10434K, committed 11456K, reserved 327680K
}
Event: 19.586 GC heap before
{Heap before GC invocations=15 (full 0):
 garbage-first heap   total reserved 524288K, committed 262144K, used 220482K [0x00000000e0000000, 0x0000000100000000)
  region size 1024K, 132 young (135168K), 17 survivors (17408K)
 Metaspace       used 81731K, committed 83904K, reserved 458752K
  class space    used 11978K, committed 12992K, reserved 327680K
}
Event: 19.605 GC heap after
{Heap after GC invocations=16 (full 0):
 garbage-first heap   total reserved 524288K, committed 262144K, used 113270K [0x00000000e0000000, 0x0000000100000000)
  region size 1024K, 10 young (10240K), 10 survivors (10240K)
 Metaspace       used 81731K, committed 83904K, reserved 458752K
  class space    used 11978K, committed 12992K, reserved 327680K
}
Event: 21.166 GC heap before
{Heap before GC invocations=16 (full 0):
 garbage-first heap   total reserved 524288K, committed 262144K, used 226934K [0x00000000e0000000, 0x0000000100000000)
  region size 1024K, 121 young (123904K), 10 survivors (10240K)
 Metaspace       used 82462K, committed 84608K, reserved 458752K
  class space    used 12002K, committed 13056K, reserved 327680K
}
Event: 21.175 GC heap after
{Heap after GC invocations=17 (full 0):
 garbage-first heap   total reserved 524288K, committed 262144K, used 118727K [0x00000000e0000000, 0x0000000100000000)
  region size 1024K, 6 young (6144K), 6 survivors (6144K)
 Metaspace       used 82462K, committed 84608K, reserved 458752K
  class space    used 12002K, committed 13056K, reserved 327680K
}
Event: 22.768 GC heap before
{Heap before GC invocations=17 (full 0):
 garbage-first heap   total reserved 524288K, committed 262144K, used 230343K [0x00000000e0000000, 0x0000000100000000)
  region size 1024K, 116 young (118784K), 6 survivors (6144K)
 Metaspace       used 82710K, committed 84864K, reserved 458752K
  class space    used 12002K, committed 13056K, reserved 327680K
}
Event: 22.780 GC heap after
{Heap after GC invocations=18 (full 0):
 garbage-first heap   total reserved 524288K, committed 262144K, used 134802K [0x00000000e0000000, 0x0000000100000000)
  region size 1024K, 15 young (15360K), 15 survivors (15360K)
 Metaspace       used 82710K, committed 84864K, reserved 458752K
  class space    used 12002K, committed 13056K, reserved 327680K
}
Event: 23.558 GC heap before
{Heap before GC invocations=19 (full 0):
 garbage-first heap   total reserved 524288K, committed 262144K, used 226962K [0x00000000e0000000, 0x0000000100000000)
  region size 1024K, 105 young (107520K), 15 survivors (15360K)
 Metaspace       used 82730K, committed 84928K, reserved 458752K
  class space    used 11994K, committed 13056K, reserved 327680K
}
Event: 23.568 GC heap after
{Heap after GC invocations=20 (full 0):
 garbage-first heap   total reserved 524288K, committed 262144K, used 140918K [0x00000000e0000000, 0x0000000100000000)
  region size 1024K, 5 young (5120K), 5 survivors (5120K)
 Metaspace       used 82730K, committed 84928K, reserved 458752K
  class space    used 11994K, committed 13056K, reserved 327680K
}
Event: 24.620 GC heap before
{Heap before GC invocations=20 (full 0):
 garbage-first heap   total reserved 524288K, committed 262144K, used 233078K [0x00000000e0000000, 0x0000000100000000)
  region size 1024K, 95 young (97280K), 5 survivors (5120K)
 Metaspace       used 83549K, committed 85760K, reserved 458752K
  class space    used 12060K, committed 13120K, reserved 327680K
}
Event: 24.627 GC heap after
{Heap after GC invocations=21 (full 0):
 garbage-first heap   total reserved 524288K, committed 262144K, used 145515K [0x00000000e0000000, 0x0000000100000000)
  region size 1024K, 10 young (10240K), 10 survivors (10240K)
 Metaspace       used 83549K, committed 85760K, reserved 458752K
  class space    used 12060K, committed 13120K, reserved 327680K
}
Event: 26.188 GC heap before
{Heap before GC invocations=21 (full 0):
 garbage-first heap   total reserved 524288K, committed 262144K, used 235627K [0x00000000e0000000, 0x0000000100000000)
  region size 1024K, 98 young (100352K), 10 survivors (10240K)
 Metaspace       used 84579K, committed 86784K, reserved 458752K
  class space    used 12122K, committed 13184K, reserved 327680K
}
Event: 26.195 GC heap after
{Heap after GC invocations=22 (full 0):
 garbage-first heap   total reserved 524288K, committed 262144K, used 151106K [0x00000000e0000000, 0x0000000100000000)
  region size 1024K, 12 young (12288K), 12 survivors (12288K)
 Metaspace       used 84579K, committed 86784K, reserved 458752K
  class space    used 12122K, committed 13184K, reserved 327680K
}
Event: 27.043 GC heap before
{Heap before GC invocations=23 (full 0):
 garbage-first heap   total reserved 524288K, committed 262144K, used 233026K [0x00000000e0000000, 0x0000000100000000)
  region size 1024K, 93 young (95232K), 12 survivors (12288K)
 Metaspace       used 84761K, committed 87040K, reserved 458752K
  class space    used 12128K, committed 13248K, reserved 327680K
}
Event: 27.048 GC heap after
{Heap after GC invocations=24 (full 0):
 garbage-first heap   total reserved 524288K, committed 262144K, used 146452K [0x00000000e0000000, 0x0000000100000000)
  region size 1024K, 4 young (4096K), 4 survivors (4096K)
 Metaspace       used 84761K, committed 87040K, reserved 458752K
  class space    used 12128K, committed 13248K, reserved 327680K
}
Event: 56.959 GC heap before
{Heap before GC invocations=24 (full 0):
 garbage-first heap   total reserved 524288K, committed 262144K, used 238612K [0x00000000e0000000, 0x0000000100000000)
  region size 1024K, 94 young (96256K), 4 survivors (4096K)
 Metaspace       used 88714K, committed 91008K, reserved 458752K
  class space    used 12638K, committed 13760K, reserved 327680K
}
Event: 56.980 GC heap after
{Heap after GC invocations=25 (full 0):
 garbage-first heap   total reserved 524288K, committed 262144K, used 150018K [0x00000000e0000000, 0x0000000100000000)
  region size 1024K, 11 young (11264K), 11 survivors (11264K)
 Metaspace       used 88714K, committed 91008K, reserved 458752K
  class space    used 12638K, committed 13760K, reserved 327680K
}
Event: 58.222 GC heap before
{Heap before GC invocations=25 (full 0):
 garbage-first heap   total reserved 524288K, committed 262144K, used 236034K [0x00000000e0000000, 0x0000000100000000)
  region size 1024K, 95 young (97280K), 11 survivors (11264K)
 Metaspace       used 89065K, committed 91392K, reserved 458752K
  class space    used 12639K, committed 13760K, reserved 327680K
}
Event: 58.239 GC heap after
{Heap after GC invocations=26 (full 0):
 garbage-first heap   total reserved 524288K, committed 262144K, used 158597K [0x00000000e0000000, 0x0000000100000000)
  region size 1024K, 10 young (10240K), 10 survivors (10240K)
 Metaspace       used 89065K, committed 91392K, reserved 458752K
  class space    used 12639K, committed 13760K, reserved 327680K
}

