# JRE version: OpenJDK Runtime Environment Corretto-17.0.13.11.1 (17.0.13+11) (build 17.0.13+11-LTS)
# Java VM: OpenJDK 64-Bit Server VM Corretto-17.0.13.11.1 (17.0.13+11-LTS, mixed mode, sharing, tiered, compressed oops, compressed class ptrs, g1 gc, windows-amd64)
GC Precious Log:
 CPUs: 8 total, 8 available
 Memory: 8138M
 Large Page Support: Disabled
 NUMA Support: Disabled
 Compressed Oops: Enabled (32-bit)
 Heap Region Size: 1M
 Heap Min Capacity: 256M
 Heap Initial Capacity: 256M
 Heap Max Capacity: 512M
 Pre-touch: Disabled
 Parallel Workers: 8
 Concurrent Workers: 2
 Concurrent Refinement Workers: 8
 Periodic GC: Disabled
Heap:
 garbage-first heap   total 262144K, used 177581K [0x00000000e0000000, 0x0000000100000000)
  region size 1024K, 118 young (120832K), 7 survivors (7168K)
 Metaspace       used 72488K, committed 73344K, reserved 393216K
  class space    used 9781K, committed 10176K, reserved 327680K
GC Heap History (20 events):
Event: 10.044 GC heap before
{Heap before GC invocations=5 (full 0):
 garbage-first heap   total 262144K, used 144541K [0x00000000e0000000, 0x0000000100000000)
  region size 1024K, 127 young (130048K), 12 survivors (12288K)
 Metaspace       used 35585K, committed 35968K, reserved 393216K
  class space    used 4948K, committed 5120K, reserved 327680K
}
Event: 10.059 GC heap after
{Heap after GC invocations=6 (full 0):
 garbage-first heap   total 262144K, used 32043K [0x00000000e0000000, 0x0000000100000000)
  region size 1024K, 16 young (16384K), 16 survivors (16384K)
 Metaspace       used 35585K, committed 35968K, reserved 393216K
  class space    used 4948K, committed 5120K, reserved 327680K
}
Event: 10.074 GC heap before
{Heap before GC invocations=6 (full 0):
 garbage-first heap   total 262144K, used 33067K [0x00000000e0000000, 0x0000000100000000)
  region size 1024K, 17 young (17408K), 16 survivors (16384K)
 Metaspace       used 35714K, committed 36096K, reserved 393216K
  class space    used 4965K, committed 5120K, reserved 327680K
}
Event: 10.087 GC heap after
{Heap after GC invocations=7 (full 0):
 garbage-first heap   total 262144K, used 32366K [0x00000000e0000000, 0x0000000100000000)
  region size 1024K, 2 young (2048K), 2 survivors (2048K)
 Metaspace       used 35714K, committed 36096K, reserved 393216K
  class space    used 4965K, committed 5120K, reserved 327680K
}
Event: 10.121 GC heap before
{Heap before GC invocations=7 (full 0):
 garbage-first heap   total 262144K, used 33390K [0x00000000e0000000, 0x0000000100000000)
  region size 1024K, 4 young (4096K), 2 survivors (2048K)
 Metaspace       used 35894K, committed 36288K, reserved 393216K
  class space    used 5001K, committed 5184K, reserved 327680K
}
Event: 10.122 GC heap after
{Heap after GC invocations=8 (full 0):
 garbage-first heap   total 262144K, used 31267K [0x00000000e0000000, 0x0000000100000000)
  region size 1024K, 1 young (1024K), 1 survivors (1024K)
 Metaspace       used 35894K, committed 36288K, reserved 393216K
  class space    used 5001K, committed 5184K, reserved 327680K
}
Event: 12.491 GC heap before
{Heap before GC invocations=9 (full 0):
 garbage-first heap   total 262144K, used 187939K [0x00000000e0000000, 0x0000000100000000)
  region size 1024K, 153 young (156672K), 1 survivors (1024K)
 Metaspace       used 49572K, committed 50112K, reserved 393216K
  class space    used 7076K, committed 7296K, reserved 327680K
}
Event: 12.500 GC heap after
{Heap after GC invocations=10 (full 0):
 garbage-first heap   total 262144K, used 39303K [0x00000000e0000000, 0x0000000100000000)
  region size 1024K, 9 young (9216K), 9 survivors (9216K)
 Metaspace       used 49572K, committed 50112K, reserved 393216K
  class space    used 7076K, committed 7296K, reserved 327680K
}
Event: 12.562 GC heap before
{Heap before GC invocations=10 (full 0):
 garbage-first heap   total 262144K, used 42375K [0x00000000e0000000, 0x0000000100000000)
  region size 1024K, 12 young (12288K), 9 survivors (9216K)
 Metaspace       used 49810K, committed 50368K, reserved 393216K
  class space    used 7108K, committed 7360K, reserved 327680K
}
Event: 12.570 GC heap after
{Heap after GC invocations=11 (full 0):
 garbage-first heap   total 262144K, used 39954K [0x00000000e0000000, 0x0000000100000000)
  region size 1024K, 1 young (1024K), 1 survivors (1024K)
 Metaspace       used 49810K, committed 50368K, reserved 393216K
  class space    used 7108K, committed 7360K, reserved 327680K
}
Event: 15.874 GC heap before
{Heap before GC invocations=11 (full 0):
 garbage-first heap   total 262144K, used 195602K [0x00000000e0000000, 0x0000000100000000)
  region size 1024K, 153 young (156672K), 1 survivors (1024K)
 Metaspace       used 54359K, committed 55040K, reserved 393216K
  class space    used 7612K, committed 7936K, reserved 327680K
}
Event: 15.882 GC heap after
{Heap after GC invocations=12 (full 0):
 garbage-first heap   total 262144K, used 50888K [0x00000000e0000000, 0x0000000100000000)
  region size 1024K, 12 young (12288K), 12 survivors (12288K)
 Metaspace       used 54359K, committed 55040K, reserved 393216K
  class space    used 7612K, committed 7936K, reserved 327680K
}
Event: 17.516 GC heap before
{Heap before GC invocations=12 (full 0):
 garbage-first heap   total 262144K, used 153288K [0x00000000e0000000, 0x0000000100000000)
  region size 1024K, 114 young (116736K), 12 survivors (12288K)
 Metaspace       used 60193K, committed 60800K, reserved 393216K
  class space    used 8491K, committed 8768K, reserved 327680K
}
Event: 17.528 GC heap after
{Heap after GC invocations=13 (full 0):
 garbage-first heap   total 262144K, used 55865K [0x00000000e0000000, 0x0000000100000000)
  region size 1024K, 8 young (8192K), 8 survivors (8192K)
 Metaspace       used 60193K, committed 60800K, reserved 393216K
  class space    used 8491K, committed 8768K, reserved 327680K
}
Event: 22.263 GC heap before
{Heap before GC invocations=14 (full 0):
 garbage-first heap   total 262144K, used 203321K [0x00000000e0000000, 0x0000000100000000)
  region size 1024K, 153 young (156672K), 8 survivors (8192K)
 Metaspace       used 69928K, committed 70592K, reserved 393216K
  class space    used 9563K, committed 9856K, reserved 327680K
}
Event: 22.274 GC heap after
{Heap after GC invocations=15 (full 0):
 garbage-first heap   total 262144K, used 63096K [0x00000000e0000000, 0x0000000100000000)
  region size 1024K, 15 young (15360K), 15 survivors (15360K)
 Metaspace       used 69928K, committed 70592K, reserved 393216K
  class space    used 9563K, committed 9856K, reserved 327680K
}
Event: 72.382 GC heap before
{Heap before GC invocations=16 (full 0):
 garbage-first heap   total 262144K, used 203384K [0x00000000e0000000, 0x0000000100000000)
  region size 1024K, 153 young (156672K), 15 survivors (15360K)
 Metaspace       used 70941K, committed 71680K, reserved 393216K
  class space    used 9719K, committed 10048K, reserved 327680K
}
Event: 72.395 GC heap after
{Heap after GC invocations=17 (full 0):
 garbage-first heap   total 262144K, used 66462K [0x00000000e0000000, 0x0000000100000000)
  region size 1024K, 12 young (12288K), 12 survivors (12288K)
 Metaspace       used 70941K, committed 71680K, reserved 393216K
  class space    used 9719K, committed 10048K, reserved 327680K
}
Event: 84.677 GC heap before
{Heap before GC invocations=17 (full 0):
 garbage-first heap   total 262144K, used 208798K [0x00000000e0000000, 0x0000000100000000)
  region size 1024K, 151 young (154624K), 12 survivors (12288K)
 Metaspace       used 72146K, committed 72960K, reserved 393216K
  class space    used 9777K, committed 10176K, reserved 327680K
}
Event: 84.686 GC heap after
{Heap after GC invocations=18 (full 0):
 garbage-first heap   total 262144K, used 65965K [0x00000000e0000000, 0x0000000100000000)
  region size 1024K, 7 young (7168K), 7 survivors (7168K)
 Metaspace       used 72146K, committed 72960K, reserved 393216K
  class space    used 9777K, committed 10176K, reserved 327680K
}

